{
  "RSpec": {
    "coverage": {
      "/Users/ugp/personal_proj/paidengineer-haikus-api/app/models/user.rb": {
        "lines": [
          1,
          1,
          1,
          null,
          1,
          1,
          1,
          null,
          1,
          1,
          1,
          1,
          null,
          null,
          null,
          null,
          null,
          1,
          4,
          4,
          4,
          null,
          null,
          null
        ]
      },
      "/Users/ugp/personal_proj/paidengineer-haikus-api/app/controllers/api_keys_controller.rb": {
        "lines": [
          1,
          1,
          1,
          1,
          1,
          1,
          1,
          null,
          0,
          null,
          null,
          null,
          null
        ]
      },
      "/Users/ugp/personal_proj/paidengineer-haikus-api/app/controllers/application_controller.rb": {
        "lines": [
          1,
          1,
          null,
          1,
          12,
          12,
          null,
          null,
          null
        ]
      },
      "/Users/ugp/personal_proj/paidengineer-haikus-api/app/models/api_key.rb": {
        "lines": [
          1,
          1,
          null,
          1,
          null,
          1,
          null,
          13,
          13,
          null,
          null,
          null
        ]
      },
      "/Users/ugp/personal_proj/paidengineer-haikus-api/app/serializers/api_key_serializer.rb": {
        "lines": [
          1,
          1,
          null
        ]
      },
      "/Users/ugp/personal_proj/paidengineer-haikus-api/app/models/haiku.rb": {
        "lines": [
          1,
          1,
          1,
          1,
          null
        ]
      },
      "/Users/ugp/personal_proj/paidengineer-haikus-api/app/models/line.rb": {
        "lines": [
          1,
          1,
          1,
          1,
          null
        ]
      },
      "/Users/ugp/personal_proj/paidengineer-haikus-api/app/controllers/haikus_controller.rb": {
        "lines": [
          1,
          1,
          1,
          1,
          null,
          null,
          1,
          1,
          1,
          null,
          null,
          1,
          1,
          1,
          1,
          null,
          0,
          null,
          null,
          null,
          1,
          1,
          1,
          1,
          null,
          0,
          null,
          null,
          null,
          1,
          1,
          1,
          1,
          null,
          null,
          1,
          null,
          1,
          1,
          null,
          null,
          1,
          1,
          null,
          null,
          null
        ]
      },
      "/Users/ugp/personal_proj/paidengineer-haikus-api/app/serializers/haiku_serializer.rb": {
        "lines": [
          1,
          1,
          null
        ]
      },
      "/Users/ugp/personal_proj/paidengineer-haikus-api/app/serializers/line_serializer.rb": {
        "lines": [
          1,
          1,
          null
        ]
      },
      "/Users/ugp/personal_proj/paidengineer-haikus-api/app/controllers/lines_controller.rb": {
        "lines": [
          1,
          1,
          1,
          1,
          null,
          null,
          1,
          1,
          1,
          1,
          null,
          0,
          null,
          null,
          null,
          1,
          1,
          1,
          1,
          null,
          0,
          null,
          null,
          null,
          1,
          1,
          1,
          null,
          null,
          1,
          1,
          1,
          1,
          null,
          null,
          1,
          null,
          1,
          2,
          null,
          null,
          null
        ]
      },
      "/Users/ugp/personal_proj/paidengineer-haikus-api/app/controllers/users_controller.rb": {
        "lines": [
          1,
          1,
          1,
          1,
          1,
          null,
          0,
          null,
          null,
          null,
          1,
          1,
          1,
          null,
          1,
          null,
          null,
          1,
          null,
          1,
          1,
          null,
          null
        ]
      },
      "/Users/ugp/personal_proj/paidengineer-haikus-api/app/serializers/user_serializer.rb": {
        "lines": [
          1,
          1,
          null
        ]
      },
      "/Users/ugp/personal_proj/paidengineer-haikus-api/app/controllers/main_controller.rb": {
        "lines": [
          0,
          0,
          0,
          0,
          0,
          0,
          0,
          0,
          0,
          0,
          0,
          0,
          0
        ],
        "branches": {
        }
      }
    },
    "timestamp": 1624147870
  }
}
